\BOOKMARK [1][-]{section.1}{Introduction}{}% 1
\BOOKMARK [1][-]{section.2}{Related Work}{}% 2
\BOOKMARK [1][-]{section.3}{Proposed Work}{}% 3
\BOOKMARK [2][-]{subsection.3.1}{Using morphological transformation}{section.3}% 4
\BOOKMARK [2][-]{subsection.3.2}{Using contours and convex hull}{section.3}% 5
\BOOKMARK [2][-]{subsection.3.3}{Using Machine Learning Methods}{section.3}% 6
\BOOKMARK [1][-]{section.4}{Methodology}{}% 7
\BOOKMARK [2][-]{subsection.4.1}{Pothole Visualisation Techniques}{section.4}% 8
\BOOKMARK [3][-]{subsubsection.4.1.1}{Morphological Transformation Method}{subsection.4.1}% 9
\BOOKMARK [3][-]{subsubsection.4.1.2}{Road Isolation Method}{subsection.4.1}% 10
\BOOKMARK [2][-]{subsection.4.2}{Pothole detection using machine learning techniques}{section.4}% 11
\BOOKMARK [3][-]{subsubsection.4.2.1}{Feature Modelling}{subsection.4.2}% 12
\BOOKMARK [3][-]{subsubsection.4.2.2}{Machine Learning Algorithms}{subsection.4.2}% 13
\BOOKMARK [1][-]{section.5}{Results}{}% 14
\BOOKMARK [2][-]{subsection.5.1}{Pothole visualisation using Image processing Techniques}{section.5}% 15
\BOOKMARK [2][-]{subsection.5.2}{Pothole detection using Machine Learning Techniques}{section.5}% 16
\BOOKMARK [1][-]{section.6}{Conclusion}{}% 17
\BOOKMARK [1][-]{section.7}{Future Work \046 Improvements}{}% 18
\BOOKMARK [1][-]{section*.16}{Appendix A: Data and Code}{}% 19
\BOOKMARK [1][-]{section*.17}{References}{}% 20
\BOOKMARK [1][-]{IEEEbiography.0}{Biographies}{}% 21
\BOOKMARK [2][-]{IEEEbiography.1}{Akanksha Dwivedi}{IEEEbiography.0}% 22
\BOOKMARK [2][-]{IEEEbiography.2}{Anoop Toffy}{IEEEbiography.0}% 23
\BOOKMARK [2][-]{IEEEbiography.3}{Athul Suresh}{IEEEbiography.0}% 24
\BOOKMARK [2][-]{IEEEbiography.4}{Tarini Chandrashekhar}{IEEEbiography.0}% 25
